<?xml version="1.0" encoding="UTF-8"?>
<!-- Generated by org.testng.reporters.JUnitReportReporter -->
<testsuite hostname="PrashanthBhat" failures="0" tests="1" name="ScreenShot.ScreenShot" time="4.615" errors="0" timestamp="2025-07-14T14:37:58 IST" skipped="0">
  <testcase classname="ScreenShot.ScreenShot" name="a1" time="4.615"/>
</testsuite> <!-- ScreenShot.ScreenShot -->
