<?xml version="1.0" encoding="UTF-8"?>
<!-- Generated by org.testng.reporters.JUnitReportReporter -->
<testsuite hostname="PrashanthBhat" failures="0" tests="1" name="ScreenShot.ScreenShot2" time="4.574" errors="0" timestamp="2025-07-14T15:22:49 IST" skipped="0">
  <testcase classname="ScreenShot.ScreenShot2" name="a1" time="4.574"/>
</testsuite> <!-- ScreenShot.ScreenShot2 -->
