<?xml version="1.0" encoding="UTF-8"?>
<!-- Generated by org.testng.reporters.JUnitReportReporter -->
<testsuite hostname="PrashanthBhat" failures="0" tests="1" name="ScreenShot.TakeScreenshotOfElement" time="5.599" errors="0" timestamp="2025-07-14T15:49:46 IST" skipped="0">
  <testcase classname="ScreenShot.TakeScreenshotOfElement" name="f1" time="5.599"/>
</testsuite> <!-- ScreenShot.TakeScreenshotOfElement -->
